Build started 26-Dec-17 12:09:52 AM.
     1>Project "E:\Zubair\Courses\Computer Graphics\Projects\Multi_View_Port\Multi_View_Port\Multi_View_Port.vcxproj" on node 2 (build target(s)).
     1>InitializeBuildStatus:
         Creating "Debug\Multi_View_Port.unsuccessfulbuild" because "AlwaysCreate" was specified.
       ClCompile:
         C:\Program Files\Microsoft Visual Studio 10.0\VC\bin\CL.exe /c /ZI /nologo /W3 /WX- /Od /Oy- /D WIN32 /D _DEBUG /D _CONSOLE /D _UNICODE /D UNICODE /Gm /EHsc /RTC1 /MDd /GS /fp:precise /Zc:wchar_t /Zc:forScope /Fo"Debug\\" /Fd"Debug\vc100.pdb" /Gd /TP /analyze- /errorReport:prompt a.cpp
         a.cpp
       ManifestResourceCompile:
         All outputs are up-to-date.
       Link:
         C:\Program Files\Microsoft Visual Studio 10.0\VC\bin\link.exe /ERRORREPORT:PROMPT /OUT:"E:\Zubair\Courses\Computer Graphics\Projects\Multi_View_Port\Debug\Multi_View_Port.exe" /INCREMENTAL /NOLOGO kernel32.lib user32.lib gdi32.lib winspool.lib comdlg32.lib advapi32.lib shell32.lib ole32.lib oleaut32.lib uuid.lib odbc32.lib odbccp32.lib /MANIFEST /ManifestFile:"Debug\Multi_View_Port.exe.intermediate.manifest" /MANIFESTUAC:"level='asInvoker' uiAccess='false'" /DEBUG /PDB:"E:\Zubair\Courses\Computer Graphics\Projects\Multi_View_Port\Debug\Multi_View_Port.pdb" /SUBSYSTEM:CONSOLE /TLBID:1 /DYNAMICBASE /NXCOMPAT /IMPLIB:"E:\Zubair\Courses\Computer Graphics\Projects\Multi_View_Port\Debug\Multi_View_Port.lib" /MACHINE:X86 Debug\Multi_View_Port.exe.embed.manifest.res
         Debug\a.obj
       Manifest:
         C:\Program Files\Microsoft SDKs\Windows\v7.0A\bin\mt.exe /nologo /verbose /out:"Debug\Multi_View_Port.exe.embed.manifest" /manifest Debug\Multi_View_Port.exe.intermediate.manifest
         All outputs are up-to-date.
       LinkEmbedManifest:
         All outputs are up-to-date.
         Multi_View_Port.vcxproj -> E:\Zubair\Courses\Computer Graphics\Projects\Multi_View_Port\Debug\Multi_View_Port.exe
       FinalizeBuildStatus:
         Deleting file "Debug\Multi_View_Port.unsuccessfulbuild".
         Touching "Debug\Multi_View_Port.lastbuildstate".
     1>Done Building Project "E:\Zubair\Courses\Computer Graphics\Projects\Multi_View_Port\Multi_View_Port\Multi_View_Port.vcxproj" (build target(s)).

Build succeeded.

Time Elapsed 00:00:08.87
