Build started 07-Sep-17 1:33:38 PM.
     1>Project "E:\Zubair\Courses\Computer Graphics\Projects\Mario_Escape_Game\Mario_Escape_Game\Mario_Escape_Game.vcxproj" on node 2 (build target(s)).
     1>InitializeBuildStatus:
         Creating "Debug\Mario_Escape_Game.unsuccessfulbuild" because "AlwaysCreate" was specified.
       ClCompile:
         C:\Program Files\Microsoft Visual Studio 10.0\VC\bin\CL.exe /c /ZI /nologo /W3 /WX- /Od /Oy- /D WIN32 /D _DEBUG /D _CONSOLE /D _UNICODE /D UNICODE /Gm /EHsc /RTC1 /MDd /GS /fp:precise /Zc:wchar_t /Zc:forScope /Fo"Debug\\" /Fd"Debug\vc100.pdb" /Gd /TP /analyze- /errorReport:prompt mario.cpp
         mario.cpp
     1>e:\zubair\courses\computer graphics\projects\mario_escape_game\mario_escape_game\rgba.h(381): warning C4101: 'c' : unreferenced local variable
     1>e:\zubair\courses\computer graphics\projects\mario_escape_game\mario_escape_game\rgba.h(401): warning C4101: 'c' : unreferenced local variable
     1>e:\zubair\courses\computer graphics\projects\mario_escape_game\mario_escape_game\rgba.h(483): warning C4101: 'c' : unreferenced local variable
     1>e:\zubair\courses\computer graphics\projects\mario_escape_game\mario_escape_game\rgba.h(503): warning C4101: 'c' : unreferenced local variable
       ManifestResourceCompile:
         C:\Program Files\Microsoft SDKs\Windows\v7.0A\bin\rc.exe /nologo /fo"Debug\Mario_Escape_Game.exe.embed.manifest.res" Debug\Mario_Escape_Game_manifest.rc 
       Link:
         C:\Program Files\Microsoft Visual Studio 10.0\VC\bin\link.exe /ERRORREPORT:PROMPT /OUT:"E:\Zubair\Courses\Computer Graphics\Projects\Mario_Escape_Game\Debug\Mario_Escape_Game.exe" /INCREMENTAL /NOLOGO kernel32.lib user32.lib gdi32.lib winspool.lib comdlg32.lib advapi32.lib shell32.lib ole32.lib oleaut32.lib uuid.lib odbc32.lib odbccp32.lib /MANIFEST /ManifestFile:"Debug\Mario_Escape_Game.exe.intermediate.manifest" /MANIFESTUAC:"level='asInvoker' uiAccess='false'" /DEBUG /PDB:"E:\Zubair\Courses\Computer Graphics\Projects\Mario_Escape_Game\Debug\Mario_Escape_Game.pdb" /SUBSYSTEM:CONSOLE /TLBID:1 /DYNAMICBASE /NXCOMPAT /IMPLIB:"E:\Zubair\Courses\Computer Graphics\Projects\Mario_Escape_Game\Debug\Mario_Escape_Game.lib" /MACHINE:X86 Debug\Mario_Escape_Game.exe.embed.manifest.res
         Debug\mario.obj
       Manifest:
         C:\Program Files\Microsoft SDKs\Windows\v7.0A\bin\mt.exe /nologo /verbose /out:"Debug\Mario_Escape_Game.exe.embed.manifest" /manifest Debug\Mario_Escape_Game.exe.intermediate.manifest
         All outputs are up-to-date.
       LinkEmbedManifest:
         All outputs are up-to-date.
         Mario_Escape_Game.vcxproj -> E:\Zubair\Courses\Computer Graphics\Projects\Mario_Escape_Game\Debug\Mario_Escape_Game.exe
       FinalizeBuildStatus:
         Deleting file "Debug\Mario_Escape_Game.unsuccessfulbuild".
         Touching "Debug\Mario_Escape_Game.lastbuildstate".
     1>Done Building Project "E:\Zubair\Courses\Computer Graphics\Projects\Mario_Escape_Game\Mario_Escape_Game\Mario_Escape_Game.vcxproj" (build target(s)).

Build succeeded.

Time Elapsed 00:00:03.50
