Build started 07-Nov-17 1:14:18 AM.
     1>Project "E:\Zubair\Courses\Computer Graphics\Projects\JUNGLE\Lab 5 Task 2\Lab 5 Task 2.vcxproj" on node 2 (build target(s)).
     1>InitializeBuildStatus:
         Creating "Debug\Lab 5 Task 2.unsuccessfulbuild" because "AlwaysCreate" was specified.
       ClCompile:
         C:\Program Files\Microsoft Visual Studio 10.0\VC\bin\CL.exe /c /ZI /nologo /W3 /WX- /Od /Oy- /D WIN32 /D _DEBUG /D _CONSOLE /D _MBCS /Gm /EHsc /RTC1 /MDd /GS /fp:precise /Zc:wchar_t /Zc:forScope /Fo"Debug\\" /Fd"Debug\vc100.pdb" /Gd /TP /analyze- /errorReport:prompt a.cpp
         a.cpp
     1>e:\zubair\courses\computer graphics\projects\jungle\lab 5 task 2\rgba.h(381): warning C4101: 'c' : unreferenced local variable
     1>e:\zubair\courses\computer graphics\projects\jungle\lab 5 task 2\rgba.h(401): warning C4101: 'c' : unreferenced local variable
     1>e:\zubair\courses\computer graphics\projects\jungle\lab 5 task 2\rgba.h(483): warning C4101: 'c' : unreferenced local variable
     1>e:\zubair\courses\computer graphics\projects\jungle\lab 5 task 2\rgba.h(503): warning C4101: 'c' : unreferenced local variable
       ManifestResourceCompile:
         All outputs are up-to-date.
       Link:
         C:\Program Files\Microsoft Visual Studio 10.0\VC\bin\link.exe /ERRORREPORT:PROMPT /OUT:"E:\Zubair\Courses\Computer Graphics\Projects\JUNGLE\Debug\Lab 5 Task 2.exe" /INCREMENTAL /NOLOGO kernel32.lib user32.lib gdi32.lib winspool.lib comdlg32.lib advapi32.lib shell32.lib ole32.lib oleaut32.lib uuid.lib odbc32.lib odbccp32.lib /MANIFEST /ManifestFile:"Debug\Lab 5 Task 2.exe.intermediate.manifest" /MANIFESTUAC:"level='asInvoker' uiAccess='false'" /DEBUG /PDB:"E:\Zubair\Courses\Computer Graphics\Projects\JUNGLE\Debug\Lab 5 Task 2.pdb" /SUBSYSTEM:CONSOLE /TLBID:1 /DYNAMICBASE /NXCOMPAT /IMPLIB:"E:\Zubair\Courses\Computer Graphics\Projects\JUNGLE\Debug\Lab 5 Task 2.lib" /MACHINE:X86 "Debug\Lab 5 Task 2.exe.embed.manifest.res"
         Debug\a.obj
       Manifest:
         C:\Program Files\Microsoft SDKs\Windows\v7.0A\bin\mt.exe /nologo /verbose /out:"Debug\Lab 5 Task 2.exe.embed.manifest" /manifest "Debug\Lab 5 Task 2.exe.intermediate.manifest"
         All outputs are up-to-date.
       LinkEmbedManifest:
         All outputs are up-to-date.
         Lab 5 Task 2.vcxproj -> E:\Zubair\Courses\Computer Graphics\Projects\JUNGLE\Debug\Lab 5 Task 2.exe
       FinalizeBuildStatus:
         Deleting file "Debug\Lab 5 Task 2.unsuccessfulbuild".
         Touching "Debug\Lab 5 Task 2.lastbuildstate".
     1>Done Building Project "E:\Zubair\Courses\Computer Graphics\Projects\JUNGLE\Lab 5 Task 2\Lab 5 Task 2.vcxproj" (build target(s)).

Build succeeded.

Time Elapsed 00:00:05.43
