Build started 04-Nov-17 7:40:35 PM.
     1>Project "C:\Users\zubair\Documents\Visual Studio 2010\Projects\ZoomIn\ZoomIn\ZoomIn.vcxproj" on node 2 (build target(s)).
     1>InitializeBuildStatus:
         Creating "Debug\ZoomIn.unsuccessfulbuild" because "AlwaysCreate" was specified.
       ClCompile:
         C:\Program Files\Microsoft Visual Studio 10.0\VC\bin\CL.exe /c /ZI /nologo /W3 /WX- /Od /Oy- /D WIN32 /D _DEBUG /D _CONSOLE /D _UNICODE /D UNICODE /Gm /EHsc /RTC1 /MDd /GS /fp:precise /Zc:wchar_t /Zc:forScope /Fo"Debug\\" /Fd"Debug\vc100.pdb" /Gd /TP /analyze- /errorReport:prompt a.cpp
         a.cpp
     1>c:\users\zubair\documents\visual studio 2010\projects\zoomin\zoomin\rgba.h(380): warning C4101: 'c' : unreferenced local variable
     1>c:\users\zubair\documents\visual studio 2010\projects\zoomin\zoomin\rgba.h(400): warning C4101: 'c' : unreferenced local variable
     1>c:\users\zubair\documents\visual studio 2010\projects\zoomin\zoomin\rgba.h(482): warning C4101: 'c' : unreferenced local variable
     1>c:\users\zubair\documents\visual studio 2010\projects\zoomin\zoomin\rgba.h(502): warning C4101: 'c' : unreferenced local variable
       ManifestResourceCompile:
         All outputs are up-to-date.
       Link:
         C:\Program Files\Microsoft Visual Studio 10.0\VC\bin\link.exe /ERRORREPORT:PROMPT /OUT:"C:\Users\zubair\Documents\Visual Studio 2010\Projects\ZoomIn\Debug\ZoomIn.exe" /INCREMENTAL /NOLOGO kernel32.lib user32.lib gdi32.lib winspool.lib comdlg32.lib advapi32.lib shell32.lib ole32.lib oleaut32.lib uuid.lib odbc32.lib odbccp32.lib /MANIFEST /ManifestFile:"Debug\ZoomIn.exe.intermediate.manifest" /MANIFESTUAC:"level='asInvoker' uiAccess='false'" /DEBUG /PDB:"C:\Users\zubair\Documents\Visual Studio 2010\Projects\ZoomIn\Debug\ZoomIn.pdb" /SUBSYSTEM:CONSOLE /TLBID:1 /DYNAMICBASE /NXCOMPAT /IMPLIB:"C:\Users\zubair\Documents\Visual Studio 2010\Projects\ZoomIn\Debug\ZoomIn.lib" /MACHINE:X86 Debug\ZoomIn.exe.embed.manifest.res
         Debug\a.obj
       Manifest:
         C:\Program Files\Microsoft SDKs\Windows\v7.0A\bin\mt.exe /nologo /verbose /out:"Debug\ZoomIn.exe.embed.manifest" /manifest Debug\ZoomIn.exe.intermediate.manifest
         All outputs are up-to-date.
       LinkEmbedManifest:
         All outputs are up-to-date.
         ZoomIn.vcxproj -> C:\Users\zubair\Documents\Visual Studio 2010\Projects\ZoomIn\Debug\ZoomIn.exe
       FinalizeBuildStatus:
         Deleting file "Debug\ZoomIn.unsuccessfulbuild".
         Touching "Debug\ZoomIn.lastbuildstate".
     1>Done Building Project "C:\Users\zubair\Documents\Visual Studio 2010\Projects\ZoomIn\ZoomIn\ZoomIn.vcxproj" (build target(s)).

Build succeeded.

Time Elapsed 00:00:04.09
