Build started 12-Aug-17 10:29:45 PM.
     1>Project "C:\Users\zubair\Documents\Visual Studio 2010\Projects\exampleOpenGl\exampleOpenGl\exampleOpenGl.vcxproj" on node 2 (build target(s)).
     1>InitializeBuildStatus:
         Creating "Debug\exampleOpenGl.unsuccessfulbuild" because "AlwaysCreate" was specified.
       ClCompile:
         C:\Program Files\Microsoft Visual Studio 10.0\VC\bin\CL.exe /c /ZI /nologo /W3 /WX- /Od /Oy- /D WIN32 /D _DEBUG /D _CONSOLE /D _UNICODE /D UNICODE /Gm /EHsc /RTC1 /MDd /GS /fp:precise /Zc:wchar_t /Zc:forScope /Fo"Debug\\" /Fd"Debug\vc100.pdb" /Gd /TP /analyze- /errorReport:prompt ex.cpp
         ex.cpp
       ManifestResourceCompile:
         All outputs are up-to-date.
       Link:
         C:\Program Files\Microsoft Visual Studio 10.0\VC\bin\link.exe /ERRORREPORT:PROMPT /OUT:"C:\Users\zubair\Documents\Visual Studio 2010\Projects\exampleOpenGl\Debug\exampleOpenGl.exe" /INCREMENTAL /NOLOGO kernel32.lib user32.lib gdi32.lib winspool.lib comdlg32.lib advapi32.lib shell32.lib ole32.lib oleaut32.lib uuid.lib odbc32.lib odbccp32.lib /MANIFEST /ManifestFile:"Debug\exampleOpenGl.exe.intermediate.manifest" /MANIFESTUAC:"level='asInvoker' uiAccess='false'" /DEBUG /PDB:"C:\Users\zubair\Documents\Visual Studio 2010\Projects\exampleOpenGl\Debug\exampleOpenGl.pdb" /SUBSYSTEM:CONSOLE /TLBID:1 /DYNAMICBASE /NXCOMPAT /IMPLIB:"C:\Users\zubair\Documents\Visual Studio 2010\Projects\exampleOpenGl\Debug\exampleOpenGl.lib" /MACHINE:X86 Debug\exampleOpenGl.exe.embed.manifest.res
         Debug\ex.obj
       Manifest:
         C:\Program Files\Microsoft SDKs\Windows\v7.0A\bin\mt.exe /nologo /verbose /out:"Debug\exampleOpenGl.exe.embed.manifest" /manifest Debug\exampleOpenGl.exe.intermediate.manifest
         All outputs are up-to-date.
       LinkEmbedManifest:
         All outputs are up-to-date.
         exampleOpenGl.vcxproj -> C:\Users\zubair\Documents\Visual Studio 2010\Projects\exampleOpenGl\Debug\exampleOpenGl.exe
       FinalizeBuildStatus:
         Deleting file "Debug\exampleOpenGl.unsuccessfulbuild".
         Touching "Debug\exampleOpenGl.lastbuildstate".
     1>Done Building Project "C:\Users\zubair\Documents\Visual Studio 2010\Projects\exampleOpenGl\exampleOpenGl\exampleOpenGl.vcxproj" (build target(s)).

Build succeeded.

Time Elapsed 00:00:02.17
