Build started 07-Nov-17 11:48:51 AM.
     1>Project "E:\Zubair\Courses\Computer Graphics\Projects\Shape Changing on mouse click\Lab 4\Lab 4.vcxproj" on node 2 (build target(s)).
     1>InitializeBuildStatus:
         Creating "Debug\Lab 4.unsuccessfulbuild" because "AlwaysCreate" was specified.
       ClCompile:
         C:\Program Files\Microsoft Visual Studio 10.0\VC\bin\CL.exe /c /ZI /nologo /W3 /WX- /Od /Oy- /D WIN32 /D _DEBUG /D _CONSOLE /D _UNICODE /D UNICODE /Gm /EHsc /RTC1 /MDd /GS /fp:precise /Zc:wchar_t /Zc:forScope /Fo"Debug\\" /Fd"Debug\vc100.pdb" /Gd /TP /analyze- /errorReport:prompt a.cpp
         a.cpp
     1>e:\zubair\courses\computer graphics\projects\shape changing on mouse click\lab 4\rgba.h(352): warning C4101: 'c' : unreferenced local variable
     1>e:\zubair\courses\computer graphics\projects\shape changing on mouse click\lab 4\rgba.h(372): warning C4101: 'c' : unreferenced local variable
     1>e:\zubair\courses\computer graphics\projects\shape changing on mouse click\lab 4\rgba.h(454): warning C4101: 'c' : unreferenced local variable
     1>e:\zubair\courses\computer graphics\projects\shape changing on mouse click\lab 4\rgba.h(474): warning C4101: 'c' : unreferenced local variable
     1>e:\zubair\courses\computer graphics\projects\shape changing on mouse click\lab 4\a.cpp(49): warning C4018: '<' : signed/unsigned mismatch
       ManifestResourceCompile:
         C:\Program Files\Microsoft SDKs\Windows\v7.0A\bin\rc.exe /nologo /fo"Debug\Lab 4.exe.embed.manifest.res" "Debug\Lab 4_manifest.rc" 
       Link:
         C:\Program Files\Microsoft Visual Studio 10.0\VC\bin\link.exe /ERRORREPORT:PROMPT /OUT:"E:\Zubair\Courses\Computer Graphics\Projects\Shape Changing on mouse click\Debug\Lab 4.exe" /INCREMENTAL /NOLOGO kernel32.lib user32.lib gdi32.lib winspool.lib comdlg32.lib advapi32.lib shell32.lib ole32.lib oleaut32.lib uuid.lib odbc32.lib odbccp32.lib /MANIFEST /ManifestFile:"Debug\Lab 4.exe.intermediate.manifest" /MANIFESTUAC:"level='asInvoker' uiAccess='false'" /DEBUG /PDB:"E:\Zubair\Courses\Computer Graphics\Projects\Shape Changing on mouse click\Debug\Lab 4.pdb" /SUBSYSTEM:CONSOLE /TLBID:1 /DYNAMICBASE /NXCOMPAT /IMPLIB:"E:\Zubair\Courses\Computer Graphics\Projects\Shape Changing on mouse click\Debug\Lab 4.lib" /MACHINE:X86 "Debug\Lab 4.exe.embed.manifest.res"
         Debug\a.obj
       Manifest:
         C:\Program Files\Microsoft SDKs\Windows\v7.0A\bin\mt.exe /nologo /verbose /out:"Debug\Lab 4.exe.embed.manifest" /manifest "Debug\Lab 4.exe.intermediate.manifest"
         All outputs are up-to-date.
       LinkEmbedManifest:
         All outputs are up-to-date.
         Lab 4.vcxproj -> E:\Zubair\Courses\Computer Graphics\Projects\Shape Changing on mouse click\Debug\Lab 4.exe
       FinalizeBuildStatus:
         Deleting file "Debug\Lab 4.unsuccessfulbuild".
         Touching "Debug\Lab 4.lastbuildstate".
     1>Done Building Project "E:\Zubair\Courses\Computer Graphics\Projects\Shape Changing on mouse click\Lab 4\Lab 4.vcxproj" (build target(s)).

Build succeeded.

Time Elapsed 00:00:03.54
