Build started 07-Nov-17 1:03:42 AM.
     1>Project "E:\Zubair\Courses\Computer Graphics\Projects\bhootExample\bhootExample\bhootExample.vcxproj" on node 2 (build target(s)).
     1>InitializeBuildStatus:
         Creating "Debug\bhootExample.unsuccessfulbuild" because "AlwaysCreate" was specified.
       ClCompile:
         C:\Program Files\Microsoft Visual Studio 10.0\VC\bin\CL.exe /c /ZI /nologo /W3 /WX- /Od /Oy- /D WIN32 /D _DEBUG /D _CONSOLE /D _UNICODE /D UNICODE /Gm /EHsc /RTC1 /MDd /GS /fp:precise /Zc:wchar_t /Zc:forScope /Fo"Debug\\" /Fd"Debug\vc100.pdb" /Gd /TP /analyze- /errorReport:prompt bhoot.cpp
         bhoot.cpp
       ManifestResourceCompile:
         C:\Program Files\Microsoft SDKs\Windows\v7.0A\bin\rc.exe /nologo /fo"Debug\bhootExample.exe.embed.manifest.res" Debug\bhootExample_manifest.rc 
       Link:
         C:\Program Files\Microsoft Visual Studio 10.0\VC\bin\link.exe /ERRORREPORT:PROMPT /OUT:"E:\Zubair\Courses\Computer Graphics\Projects\bhootExample\Debug\bhootExample.exe" /INCREMENTAL /NOLOGO kernel32.lib user32.lib gdi32.lib winspool.lib comdlg32.lib advapi32.lib shell32.lib ole32.lib oleaut32.lib uuid.lib odbc32.lib odbccp32.lib /MANIFEST /ManifestFile:"Debug\bhootExample.exe.intermediate.manifest" /MANIFESTUAC:"level='asInvoker' uiAccess='false'" /DEBUG /PDB:"E:\Zubair\Courses\Computer Graphics\Projects\bhootExample\Debug\bhootExample.pdb" /SUBSYSTEM:CONSOLE /TLBID:1 /DYNAMICBASE /NXCOMPAT /IMPLIB:"E:\Zubair\Courses\Computer Graphics\Projects\bhootExample\Debug\bhootExample.lib" /MACHINE:X86 Debug\bhootExample.exe.embed.manifest.res
         Debug\bhoot.obj
       Manifest:
         C:\Program Files\Microsoft SDKs\Windows\v7.0A\bin\mt.exe /nologo /verbose /out:"Debug\bhootExample.exe.embed.manifest" /manifest Debug\bhootExample.exe.intermediate.manifest
         All outputs are up-to-date.
       LinkEmbedManifest:
         All outputs are up-to-date.
         bhootExample.vcxproj -> E:\Zubair\Courses\Computer Graphics\Projects\bhootExample\Debug\bhootExample.exe
       FinalizeBuildStatus:
         Deleting file "Debug\bhootExample.unsuccessfulbuild".
         Touching "Debug\bhootExample.lastbuildstate".
     1>Done Building Project "E:\Zubair\Courses\Computer Graphics\Projects\bhootExample\bhootExample\bhootExample.vcxproj" (build target(s)).

Build succeeded.

Time Elapsed 00:00:02.89
