Build started 07-Nov-17 12:59:23 AM.
     1>Project "E:\Zubair\Courses\Computer Graphics\Projects\Ball and Paddle\Ball and Paddle\Ball and Paddle.vcxproj" on node 2 (build target(s)).
     1>InitializeBuildStatus:
         Creating "Debug\Ball and Paddle.unsuccessfulbuild" because "AlwaysCreate" was specified.
       ClCompile:
         C:\Program Files\Microsoft Visual Studio 10.0\VC\bin\CL.exe /c /ZI /nologo /W3 /WX- /Od /Oy- /D WIN32 /D _DEBUG /D _CONSOLE /D _UNICODE /D UNICODE /Gm /EHsc /RTC1 /MDd /GS /fp:precise /Zc:wchar_t /Zc:forScope /Fo"Debug\\" /Fd"Debug\vc100.pdb" /Gd /TP /analyze- /errorReport:prompt background.cpp
         background.cpp
       ManifestResourceCompile:
         C:\Program Files\Microsoft SDKs\Windows\v7.0A\bin\rc.exe /nologo /fo"Debug\Ball and Paddle.exe.embed.manifest.res" "Debug\Ball and Paddle_manifest.rc" 
       Link:
         C:\Program Files\Microsoft Visual Studio 10.0\VC\bin\link.exe /ERRORREPORT:PROMPT /OUT:"E:\Zubair\Courses\Computer Graphics\Projects\Ball and Paddle\Debug\Ball and Paddle.exe" /INCREMENTAL /NOLOGO kernel32.lib user32.lib gdi32.lib winspool.lib comdlg32.lib advapi32.lib shell32.lib ole32.lib oleaut32.lib uuid.lib odbc32.lib odbccp32.lib /MANIFEST /ManifestFile:"Debug\Ball and Paddle.exe.intermediate.manifest" /MANIFESTUAC:"level='asInvoker' uiAccess='false'" /DEBUG /PDB:"E:\Zubair\Courses\Computer Graphics\Projects\Ball and Paddle\Debug\Ball and Paddle.pdb" /SUBSYSTEM:CONSOLE /TLBID:1 /DYNAMICBASE /NXCOMPAT /IMPLIB:"E:\Zubair\Courses\Computer Graphics\Projects\Ball and Paddle\Debug\Ball and Paddle.lib" /MACHINE:X86 "Debug\Ball and Paddle.exe.embed.manifest.res"
         Debug\background.obj
       Manifest:
         C:\Program Files\Microsoft SDKs\Windows\v7.0A\bin\mt.exe /nologo /verbose /out:"Debug\Ball and Paddle.exe.embed.manifest" /manifest "Debug\Ball and Paddle.exe.intermediate.manifest"
         All outputs are up-to-date.
       LinkEmbedManifest:
         All outputs are up-to-date.
         Ball and Paddle.vcxproj -> E:\Zubair\Courses\Computer Graphics\Projects\Ball and Paddle\Debug\Ball and Paddle.exe
       FinalizeBuildStatus:
         Deleting file "Debug\Ball and Paddle.unsuccessfulbuild".
         Touching "Debug\Ball and Paddle.lastbuildstate".
     1>Done Building Project "E:\Zubair\Courses\Computer Graphics\Projects\Ball and Paddle\Ball and Paddle\Ball and Paddle.vcxproj" (build target(s)).

Build succeeded.

Time Elapsed 00:00:04.50
