Build started 07-Nov-17 1:04:55 AM.
     1>Project "E:\Zubair\Courses\Computer Graphics\Projects\Camera_Moving_Example\Camera_Moving_Example\Camera_Moving_Example.vcxproj" on node 2 (build target(s)).
     1>InitializeBuildStatus:
         Creating "Debug\Camera_Moving_Example.unsuccessfulbuild" because "AlwaysCreate" was specified.
       ClCompile:
         C:\Program Files\Microsoft Visual Studio 10.0\VC\bin\CL.exe /c /ZI /nologo /W3 /WX- /Od /Oy- /D WIN32 /D _DEBUG /D _CONSOLE /D _UNICODE /D UNICODE /Gm /EHsc /RTC1 /MDd /GS /fp:precise /Zc:wchar_t /Zc:forScope /Fo"Debug\\" /Fd"Debug\vc100.pdb" /Gd /TP /analyze- /errorReport:prompt camera.cpp
         camera.cpp
     1>e:\zubair\courses\computer graphics\projects\camera_moving_example\camera_moving_example\rgba.h(380): warning C4101: 'c' : unreferenced local variable
     1>e:\zubair\courses\computer graphics\projects\camera_moving_example\camera_moving_example\rgba.h(400): warning C4101: 'c' : unreferenced local variable
     1>e:\zubair\courses\computer graphics\projects\camera_moving_example\camera_moving_example\rgba.h(482): warning C4101: 'c' : unreferenced local variable
     1>e:\zubair\courses\computer graphics\projects\camera_moving_example\camera_moving_example\rgba.h(502): warning C4101: 'c' : unreferenced local variable
       ManifestResourceCompile:
         C:\Program Files\Microsoft SDKs\Windows\v7.0A\bin\rc.exe /nologo /fo"Debug\Camera_Moving_Example.exe.embed.manifest.res" Debug\Camera_Moving_Example_manifest.rc 
       Link:
         C:\Program Files\Microsoft Visual Studio 10.0\VC\bin\link.exe /ERRORREPORT:PROMPT /OUT:"E:\Zubair\Courses\Computer Graphics\Projects\Camera_Moving_Example\Debug\Camera_Moving_Example.exe" /INCREMENTAL /NOLOGO kernel32.lib user32.lib gdi32.lib winspool.lib comdlg32.lib advapi32.lib shell32.lib ole32.lib oleaut32.lib uuid.lib odbc32.lib odbccp32.lib /MANIFEST /ManifestFile:"Debug\Camera_Moving_Example.exe.intermediate.manifest" /MANIFESTUAC:"level='asInvoker' uiAccess='false'" /DEBUG /PDB:"E:\Zubair\Courses\Computer Graphics\Projects\Camera_Moving_Example\Debug\Camera_Moving_Example.pdb" /SUBSYSTEM:CONSOLE /TLBID:1 /DYNAMICBASE /NXCOMPAT /IMPLIB:"E:\Zubair\Courses\Computer Graphics\Projects\Camera_Moving_Example\Debug\Camera_Moving_Example.lib" /MACHINE:X86 Debug\Camera_Moving_Example.exe.embed.manifest.res
         Debug\camera.obj
       Manifest:
         C:\Program Files\Microsoft SDKs\Windows\v7.0A\bin\mt.exe /nologo /verbose /out:"Debug\Camera_Moving_Example.exe.embed.manifest" /manifest Debug\Camera_Moving_Example.exe.intermediate.manifest
         All outputs are up-to-date.
       LinkEmbedManifest:
         All outputs are up-to-date.
         Camera_Moving_Example.vcxproj -> E:\Zubair\Courses\Computer Graphics\Projects\Camera_Moving_Example\Debug\Camera_Moving_Example.exe
       FinalizeBuildStatus:
         Deleting file "Debug\Camera_Moving_Example.unsuccessfulbuild".
         Touching "Debug\Camera_Moving_Example.lastbuildstate".
     1>Done Building Project "E:\Zubair\Courses\Computer Graphics\Projects\Camera_Moving_Example\Camera_Moving_Example\Camera_Moving_Example.vcxproj" (build target(s)).

Build succeeded.

Time Elapsed 00:00:04.71
