Build started 07-Nov-17 1:19:23 AM.
     1>Project "E:\Zubair\Courses\Computer Graphics\Projects\Parametric_Movement\Parametric_Movement\Parametric_Movement.vcxproj" on node 2 (build target(s)).
     1>InitializeBuildStatus:
         Creating "Debug\Parametric_Movement.unsuccessfulbuild" because "AlwaysCreate" was specified.
       ClCompile:
         C:\Program Files\Microsoft Visual Studio 10.0\VC\bin\CL.exe /c /ZI /nologo /W3 /WX- /Od /Oy- /D WIN32 /D _DEBUG /D _CONSOLE /D _UNICODE /D UNICODE /Gm /EHsc /RTC1 /MDd /GS /fp:precise /Zc:wchar_t /Zc:forScope /Fo"Debug\\" /Fd"Debug\vc100.pdb" /Gd /TP /analyze- /errorReport:prompt a.cpp
         a.cpp
     1>e:\zubair\courses\computer graphics\projects\parametric_movement\parametric_movement\rgba.h(380): warning C4101: 'c' : unreferenced local variable
     1>e:\zubair\courses\computer graphics\projects\parametric_movement\parametric_movement\rgba.h(400): warning C4101: 'c' : unreferenced local variable
     1>e:\zubair\courses\computer graphics\projects\parametric_movement\parametric_movement\rgba.h(482): warning C4101: 'c' : unreferenced local variable
     1>e:\zubair\courses\computer graphics\projects\parametric_movement\parametric_movement\rgba.h(502): warning C4101: 'c' : unreferenced local variable
       ManifestResourceCompile:
         C:\Program Files\Microsoft SDKs\Windows\v7.0A\bin\rc.exe /nologo /fo"Debug\Parametric_Movement.exe.embed.manifest.res" Debug\Parametric_Movement_manifest.rc 
       Link:
         C:\Program Files\Microsoft Visual Studio 10.0\VC\bin\link.exe /ERRORREPORT:PROMPT /OUT:"E:\Zubair\Courses\Computer Graphics\Projects\Parametric_Movement\Debug\Parametric_Movement.exe" /INCREMENTAL /NOLOGO kernel32.lib user32.lib gdi32.lib winspool.lib comdlg32.lib advapi32.lib shell32.lib ole32.lib oleaut32.lib uuid.lib odbc32.lib odbccp32.lib /MANIFEST /ManifestFile:"Debug\Parametric_Movement.exe.intermediate.manifest" /MANIFESTUAC:"level='asInvoker' uiAccess='false'" /DEBUG /PDB:"E:\Zubair\Courses\Computer Graphics\Projects\Parametric_Movement\Debug\Parametric_Movement.pdb" /SUBSYSTEM:CONSOLE /TLBID:1 /DYNAMICBASE /NXCOMPAT /IMPLIB:"E:\Zubair\Courses\Computer Graphics\Projects\Parametric_Movement\Debug\Parametric_Movement.lib" /MACHINE:X86 Debug\Parametric_Movement.exe.embed.manifest.res
         Debug\a.obj
       Manifest:
         C:\Program Files\Microsoft SDKs\Windows\v7.0A\bin\mt.exe /nologo /verbose /out:"Debug\Parametric_Movement.exe.embed.manifest" /manifest Debug\Parametric_Movement.exe.intermediate.manifest
         All outputs are up-to-date.
       LinkEmbedManifest:
         All outputs are up-to-date.
         Parametric_Movement.vcxproj -> E:\Zubair\Courses\Computer Graphics\Projects\Parametric_Movement\Debug\Parametric_Movement.exe
       FinalizeBuildStatus:
         Deleting file "Debug\Parametric_Movement.unsuccessfulbuild".
         Touching "Debug\Parametric_Movement.lastbuildstate".
     1>Done Building Project "E:\Zubair\Courses\Computer Graphics\Projects\Parametric_Movement\Parametric_Movement\Parametric_Movement.vcxproj" (build target(s)).

Build succeeded.

Time Elapsed 00:00:04.92
