Build started 04-Nov-17 3:37:03 AM.
     1>Project "E:\Zubair\Courses\Computer Graphics\Projects\RGBA_SOUND 13 Aug 2014\RGBA_SOUND 13 Aug 2014.vcxproj" on node 2 (build target(s)).
     1>InitializeBuildStatus:
         Creating "Debug\RGBA_SOUND 13 Aug 2014.unsuccessfulbuild" because "AlwaysCreate" was specified.
       ClCompile:
         C:\Program Files\Microsoft Visual Studio 10.0\VC\bin\CL.exe /c /ZI /nologo /W3 /WX- /Od /Oy- /D WIN32 /D _DEBUG /D _CONSOLE /D _MBCS /Gm /EHsc /RTC1 /MDd /GS /fp:precise /Zc:wchar_t /Zc:forScope /Fo"Debug\\" /Fd"Debug\vc100.pdb" /Gd /TP /analyze- /errorReport:prompt a.cpp
         a.cpp
     1>e:\zubair\courses\computer graphics\projects\rgba_sound 13 aug 2014\rgba.h(380): warning C4101: 'c' : unreferenced local variable
     1>e:\zubair\courses\computer graphics\projects\rgba_sound 13 aug 2014\rgba.h(400): warning C4101: 'c' : unreferenced local variable
     1>e:\zubair\courses\computer graphics\projects\rgba_sound 13 aug 2014\rgba.h(482): warning C4101: 'c' : unreferenced local variable
     1>e:\zubair\courses\computer graphics\projects\rgba_sound 13 aug 2014\rgba.h(502): warning C4101: 'c' : unreferenced local variable
       ManifestResourceCompile:
         All outputs are up-to-date.
       Link:
         C:\Program Files\Microsoft Visual Studio 10.0\VC\bin\link.exe /ERRORREPORT:PROMPT /OUT:"E:\Zubair\Courses\Computer Graphics\Projects\RGBA_SOUND 13 Aug 2014\Debug\RGBA_SOUND 13 Aug 2014.exe" /INCREMENTAL /NOLOGO kernel32.lib user32.lib gdi32.lib winspool.lib comdlg32.lib advapi32.lib shell32.lib ole32.lib oleaut32.lib uuid.lib odbc32.lib odbccp32.lib /MANIFEST /ManifestFile:"Debug\RGBA_SOUND 13 Aug 2014.exe.intermediate.manifest" /MANIFESTUAC:"level='asInvoker' uiAccess='false'" /DEBUG /PDB:"E:\Zubair\Courses\Computer Graphics\Projects\RGBA_SOUND 13 Aug 2014\Debug\RGBA_SOUND 13 Aug 2014.pdb" /SUBSYSTEM:CONSOLE /TLBID:1 /DYNAMICBASE /NXCOMPAT /IMPLIB:"E:\Zubair\Courses\Computer Graphics\Projects\RGBA_SOUND 13 Aug 2014\Debug\RGBA_SOUND 13 Aug 2014.lib" /MACHINE:X86 "Debug\RGBA_SOUND 13 Aug 2014.exe.embed.manifest.res"
         Debug\a.obj
       Manifest:
         C:\Program Files\Microsoft SDKs\Windows\v7.0A\bin\mt.exe /nologo /verbose /out:"Debug\RGBA_SOUND 13 Aug 2014.exe.embed.manifest" /manifest "Debug\RGBA_SOUND 13 Aug 2014.exe.intermediate.manifest"
         All outputs are up-to-date.
       LinkEmbedManifest:
         All outputs are up-to-date.
         RGBA_SOUND 13 Aug 2014.vcxproj -> E:\Zubair\Courses\Computer Graphics\Projects\RGBA_SOUND 13 Aug 2014\Debug\RGBA_SOUND 13 Aug 2014.exe
       FinalizeBuildStatus:
         Deleting file "Debug\RGBA_SOUND 13 Aug 2014.unsuccessfulbuild".
         Touching "Debug\RGBA_SOUND 13 Aug 2014.lastbuildstate".
     1>Done Building Project "E:\Zubair\Courses\Computer Graphics\Projects\RGBA_SOUND 13 Aug 2014\RGBA_SOUND 13 Aug 2014.vcxproj" (build target(s)).

Build succeeded.

Time Elapsed 00:00:04.21
