Build started 04-Nov-17 2:49:51 AM.
     1>Project "C:\Users\zubair\Documents\Visual Studio 2010\Projects\Reflections In Chamber\Reflections In Chamber\Reflections In Chamber.vcxproj" on node 2 (build target(s)).
     1>InitializeBuildStatus:
         Creating "Debug\Reflections In Chamber.unsuccessfulbuild" because "AlwaysCreate" was specified.
       ClCompile:
         C:\Program Files\Microsoft Visual Studio 10.0\VC\bin\CL.exe /c /ZI /nologo /W3 /WX- /Od /Oy- /D WIN32 /D _DEBUG /D _CONSOLE /D _UNICODE /D UNICODE /Gm /EHsc /RTC1 /MDd /GS /fp:precise /Zc:wchar_t /Zc:forScope /Fo"Debug\\" /Fd"Debug\vc100.pdb" /Gd /TP /analyze- /errorReport:prompt box.cpp
         box.cpp
     1>c:\users\zubair\documents\visual studio 2010\projects\reflections in chamber\reflections in chamber\box.cpp(30): warning C4018: '<' : signed/unsigned mismatch
     1>c:\users\zubair\documents\visual studio 2010\projects\reflections in chamber\reflections in chamber\box.cpp(86): warning C4018: '<' : signed/unsigned mismatch
     1>c:\users\zubair\documents\visual studio 2010\projects\reflections in chamber\reflections in chamber\box.cpp(98): warning C4018: '<' : signed/unsigned mismatch
       ManifestResourceCompile:
         All outputs are up-to-date.
       Link:
         C:\Program Files\Microsoft Visual Studio 10.0\VC\bin\link.exe /ERRORREPORT:PROMPT /OUT:"C:\Users\zubair\Documents\Visual Studio 2010\Projects\Reflections In Chamber\Debug\Reflections In Chamber.exe" /INCREMENTAL /NOLOGO kernel32.lib user32.lib gdi32.lib winspool.lib comdlg32.lib advapi32.lib shell32.lib ole32.lib oleaut32.lib uuid.lib odbc32.lib odbccp32.lib /MANIFEST /ManifestFile:"Debug\Reflections In Chamber.exe.intermediate.manifest" /MANIFESTUAC:"level='asInvoker' uiAccess='false'" /DEBUG /PDB:"C:\Users\zubair\Documents\Visual Studio 2010\Projects\Reflections In Chamber\Debug\Reflections In Chamber.pdb" /SUBSYSTEM:CONSOLE /TLBID:1 /DYNAMICBASE /NXCOMPAT /IMPLIB:"C:\Users\zubair\Documents\Visual Studio 2010\Projects\Reflections In Chamber\Debug\Reflections In Chamber.lib" /MACHINE:X86 "Debug\Reflections In Chamber.exe.embed.manifest.res"
         Debug\box.obj
       Manifest:
         C:\Program Files\Microsoft SDKs\Windows\v7.0A\bin\mt.exe /nologo /verbose /out:"Debug\Reflections In Chamber.exe.embed.manifest" /manifest "Debug\Reflections In Chamber.exe.intermediate.manifest"
         All outputs are up-to-date.
       LinkEmbedManifest:
         All outputs are up-to-date.
         Reflections In Chamber.vcxproj -> C:\Users\zubair\Documents\Visual Studio 2010\Projects\Reflections In Chamber\Debug\Reflections In Chamber.exe
       FinalizeBuildStatus:
         Deleting file "Debug\Reflections In Chamber.unsuccessfulbuild".
         Touching "Debug\Reflections In Chamber.lastbuildstate".
     1>Done Building Project "C:\Users\zubair\Documents\Visual Studio 2010\Projects\Reflections In Chamber\Reflections In Chamber\Reflections In Chamber.vcxproj" (build target(s)).

Build succeeded.

Time Elapsed 00:00:04.60
