Build started 04-Nov-17 10:03:58 AM.
     1>Project "E:\Zubair\Courses\Computer Graphics\Projects\Gun Shooting\Gun Shooting\Gun Shooting.vcxproj" on node 2 (build target(s)).
     1>InitializeBuildStatus:
         Creating "Debug\Gun Shooting.unsuccessfulbuild" because "AlwaysCreate" was specified.
       ClCompile:
         C:\Program Files\Microsoft Visual Studio 10.0\VC\bin\CL.exe /c /ZI /nologo /W3 /WX- /Od /Oy- /D WIN32 /D _DEBUG /D _CONSOLE /D _UNICODE /D UNICODE /Gm /EHsc /RTC1 /MDd /GS /fp:precise /Zc:wchar_t /Zc:forScope /Fo"Debug\\" /Fd"Debug\vc100.pdb" /Gd /TP /analyze- /errorReport:prompt a.cpp
         a.cpp
     1>e:\zubair\courses\computer graphics\projects\gun shooting\gun shooting\rgba.h(380): warning C4101: 'c' : unreferenced local variable
     1>e:\zubair\courses\computer graphics\projects\gun shooting\gun shooting\rgba.h(400): warning C4101: 'c' : unreferenced local variable
     1>e:\zubair\courses\computer graphics\projects\gun shooting\gun shooting\rgba.h(482): warning C4101: 'c' : unreferenced local variable
     1>e:\zubair\courses\computer graphics\projects\gun shooting\gun shooting\rgba.h(502): warning C4101: 'c' : unreferenced local variable
       ManifestResourceCompile:
         All outputs are up-to-date.
       Link:
         C:\Program Files\Microsoft Visual Studio 10.0\VC\bin\link.exe /ERRORREPORT:PROMPT /OUT:"E:\Zubair\Courses\Computer Graphics\Projects\Gun Shooting\Debug\Gun Shooting.exe" /INCREMENTAL /NOLOGO kernel32.lib user32.lib gdi32.lib winspool.lib comdlg32.lib advapi32.lib shell32.lib ole32.lib oleaut32.lib uuid.lib odbc32.lib odbccp32.lib /MANIFEST /ManifestFile:"Debug\Gun Shooting.exe.intermediate.manifest" /MANIFESTUAC:"level='asInvoker' uiAccess='false'" /DEBUG /PDB:"E:\Zubair\Courses\Computer Graphics\Projects\Gun Shooting\Debug\Gun Shooting.pdb" /SUBSYSTEM:CONSOLE /TLBID:1 /DYNAMICBASE /NXCOMPAT /IMPLIB:"E:\Zubair\Courses\Computer Graphics\Projects\Gun Shooting\Debug\Gun Shooting.lib" /MACHINE:X86 "Debug\Gun Shooting.exe.embed.manifest.res"
         Debug\a.obj
       Manifest:
         C:\Program Files\Microsoft SDKs\Windows\v7.0A\bin\mt.exe /nologo /verbose /out:"Debug\Gun Shooting.exe.embed.manifest" /manifest "Debug\Gun Shooting.exe.intermediate.manifest"
         All outputs are up-to-date.
       LinkEmbedManifest:
         All outputs are up-to-date.
         Gun Shooting.vcxproj -> E:\Zubair\Courses\Computer Graphics\Projects\Gun Shooting\Debug\Gun Shooting.exe
       FinalizeBuildStatus:
         Deleting file "Debug\Gun Shooting.unsuccessfulbuild".
         Touching "Debug\Gun Shooting.lastbuildstate".
     1>Done Building Project "E:\Zubair\Courses\Computer Graphics\Projects\Gun Shooting\Gun Shooting\Gun Shooting.vcxproj" (build target(s)).

Build succeeded.

Time Elapsed 00:00:04.95
